12:24:17 **** Build of configuration Debug for project Trie ****
make all 
Building file: ../src/MaximumXORofTwoNumbersInArray/MaximumXORofTwoNumbersInArray.cpp
Invoking: Cross G++ Compiler
g++ -O0 -g3 -Wall -c -fmessage-length=0 -MMD -MP -MF"src/MaximumXORofTwoNumbersInArray/MaximumXORofTwoNumbersInArray.d" -MT"src/MaximumXORofTwoNumbersInArray/MaximumXORofTwoNumbersInArray.o" -o "src/MaximumXORofTwoNumbersInArray/MaximumXORofTwoNumbersInArray.o" "../src/MaximumXORofTwoNumbersInArray/MaximumXORofTwoNumbersInArray.cpp"
Finished building: ../src/MaximumXORofTwoNumbersInArray/MaximumXORofTwoNumbersInArray.cpp
 
Building target: Trie
Invoking: Cross G++ Linker
g++  -o "Trie"  ./src/MaximumXORofTwoNumbersInArray/MaximumXORofTwoNumbersInArray.o   
Finished building target: Trie
 
12:24:26 **** Incremental Build of configuration Debug for project Trie ****
make all 
Building file: ../src/MaximumXORofTwoNumbersInArray/MaximumXORofTwoNumbersInArray.cpp
Invoking: Cross G++ Compiler
g++ -O0 -g3 -Wall -c -fmessage-length=0 -MMD -MP -MF"src/MaximumXORofTwoNumbersInArray/MaximumXORofTwoNumbersInArray.d" -MT"src/MaximumXORofTwoNumbersInArray/MaximumXORofTwoNumbersInArray.o" -o "src/MaximumXORofTwoNumbersInArray/MaximumXORofTwoNumbersInArray.o" "../src/MaximumXORofTwoNumbersInArray/MaximumXORofTwoNumbersInArray.cpp"
Finished building: ../src/MaximumXORofTwoNumbersInArray/MaximumXORofTwoNumbersInArray.cpp
 
Building target: Trie
Invoking: Cross G++ Linker
g++  -o "Trie"  ./src/MaximumXORofTwoNumbersInArray/MaximumXORofTwoNumbersInArray.o   
Finished building target: Trie
 
12:24:41 **** Incremental Build of configuration Debug for project Trie ****
make all 
Building file: ../src/MaximumXORofTwoNumbersInArray/MaximumXORofTwoNumbersInArray.cpp
Invoking: Cross G++ Compiler
g++ -O0 -g3 -Wall -c -fmessage-length=0 -MMD -MP -MF"src/MaximumXORofTwoNumbersInArray/MaximumXORofTwoNumbersInArray.d" -MT"src/MaximumXORofTwoNumbersInArray/MaximumXORofTwoNumbersInArray.o" -o "src/MaximumXORofTwoNumbersInArray/MaximumXORofTwoNumbersInArray.o" "../src/MaximumXORofTwoNumbersInArray/MaximumXORofTwoNumbersInArray.cpp"
Finished building: ../src/MaximumXORofTwoNumbersInArray/MaximumXORofTwoNumbersInArray.cpp
 
Building target: Trie
Invoking: Cross G++ Linker
g++  -o "Trie"  ./src/MaximumXORofTwoNumbersInArray/MaximumXORofTwoNumbersInArray.o   
Finished building target: Trie
 
